{"total": {"lines":{"total":2189,"covered":1223,"skipped":0,"pct":55.87},"statements":{"total":2189,"covered":1223,"skipped":0,"pct":55.87},"functions":{"total":115,"covered":58,"skipped":0,"pct":50.43},"branches":{"total":131,"covered":93,"skipped":0,"pct":70.99},"branchesTrue":{"total":0,"covered":0,"skipped":0,"pct":100}}
,"/workspace/vscode-cql/src/extension.api.ts": {"lines":{"total":11,"covered":11,"skipped":0,"pct":100},"functions":{"total":0,"covered":0,"skipped":0,"pct":100},"statements":{"total":11,"covered":11,"skipped":0,"pct":100},"branches":{"total":1,"covered":1,"skipped":0,"pct":100}}
,"/workspace/vscode-cql/src/extension.ts": {"lines":{"total":150,"covered":97,"skipped":0,"pct":64.66},"functions":{"total":8,"covered":5,"skipped":0,"pct":62.5},"statements":{"total":150,"covered":97,"skipped":0,"pct":64.66},"branches":{"total":10,"covered":6,"skipped":0,"pct":60}}
,"/workspace/vscode-cql/src/protocol.ts": {"lines":{"total":69,"covered":69,"skipped":0,"pct":100},"functions":{"total":0,"covered":0,"skipped":0,"pct":100},"statements":{"total":69,"covered":69,"skipped":0,"pct":100},"branches":{"total":6,"covered":6,"skipped":0,"pct":100}}
,"/workspace/vscode-cql/src/statusBar.ts": {"lines":{"total":69,"covered":55,"skipped":0,"pct":79.71},"functions":{"total":10,"covered":4,"skipped":0,"pct":40},"statements":{"total":69,"covered":55,"skipped":0,"pct":79.71},"branches":{"total":6,"covered":6,"skipped":0,"pct":100}}
,"/workspace/vscode-cql/src/commands/commands.ts": {"lines":{"total":59,"covered":59,"skipped":0,"pct":100},"functions":{"total":0,"covered":0,"skipped":0,"pct":100},"statements":{"total":59,"covered":59,"skipped":0,"pct":100},"branches":{"total":1,"covered":1,"skipped":0,"pct":100}}
,"/workspace/vscode-cql/src/commands/execute-cql.ts": {"lines":{"total":346,"covered":60,"skipped":0,"pct":17.34},"functions":{"total":11,"covered":1,"skipped":0,"pct":9.09},"statements":{"total":346,"covered":60,"skipped":0,"pct":17.34},"branches":{"total":1,"covered":1,"skipped":0,"pct":100}}
,"/workspace/vscode-cql/src/commands/log-files.ts": {"lines":{"total":90,"covered":24,"skipped":0,"pct":26.66},"functions":{"total":5,"covered":1,"skipped":0,"pct":20},"statements":{"total":90,"covered":24,"skipped":0,"pct":26.66},"branches":{"total":1,"covered":1,"skipped":0,"pct":100}}
,"/workspace/vscode-cql/src/commands/view-elm.ts": {"lines":{"total":30,"covered":15,"skipped":0,"pct":50},"functions":{"total":2,"covered":1,"skipped":0,"pct":50},"statements":{"total":30,"covered":15,"skipped":0,"pct":50},"branches":{"total":1,"covered":1,"skipped":0,"pct":100}}
,"/workspace/vscode-cql/src/cql-language-server/cqlLanguageClient.ts": {"lines":{"total":198,"covered":144,"skipped":0,"pct":72.72},"functions":{"total":9,"covered":7,"skipped":0,"pct":77.77},"statements":{"total":198,"covered":144,"skipped":0,"pct":72.72},"branches":{"total":11,"covered":9,"skipped":0,"pct":81.81}}
,"/workspace/vscode-cql/src/cql-language-server/languageServerStarter.ts": {"lines":{"total":92,"covered":68,"skipped":0,"pct":73.91},"functions":{"total":5,"covered":4,"skipped":0,"pct":80},"statements":{"total":92,"covered":68,"skipped":0,"pct":73.91},"branches":{"total":7,"covered":5,"skipped":0,"pct":71.42}}
,"/workspace/vscode-cql/src/cql-service/cqlService.executeCql.ts": {"lines":{"total":89,"covered":10,"skipped":0,"pct":11.23},"functions":{"total":3,"covered":0,"skipped":0,"pct":0},"statements":{"total":89,"covered":10,"skipped":0,"pct":11.23},"branches":{"total":0,"covered":0,"skipped":0,"pct":100}}
,"/workspace/vscode-cql/src/cql-service/cqlService.getElm.ts": {"lines":{"total":7,"covered":5,"skipped":0,"pct":71.42},"functions":{"total":1,"covered":0,"skipped":0,"pct":0},"statements":{"total":7,"covered":5,"skipped":0,"pct":71.42},"branches":{"total":0,"covered":0,"skipped":0,"pct":100}}
,"/workspace/vscode-cql/src/java-support/findJavaRuntimes.ts": {"lines":{"total":362,"covered":183,"skipped":0,"pct":50.55},"functions":{"total":14,"covered":11,"skipped":0,"pct":78.57},"statements":{"total":362,"covered":183,"skipped":0,"pct":50.55},"branches":{"total":39,"covered":20,"skipped":0,"pct":51.28}}
,"/workspace/vscode-cql/src/java-support/javaServiceInstaller.ts": {"lines":{"total":175,"covered":169,"skipped":0,"pct":96.57},"functions":{"total":13,"covered":13,"skipped":0,"pct":100},"statements":{"total":175,"covered":169,"skipped":0,"pct":96.57},"branches":{"total":22,"covered":16,"skipped":0,"pct":72.72}}
,"/workspace/vscode-cql/src/java-support/requirements.ts": {"lines":{"total":141,"covered":98,"skipped":0,"pct":69.5},"functions":{"total":6,"covered":4,"skipped":0,"pct":66.66},"statements":{"total":141,"covered":98,"skipped":0,"pct":69.5},"branches":{"total":16,"covered":11,"skipped":0,"pct":68.75}}
,"/workspace/vscode-cql/src/log-services/logger.ts": {"lines":{"total":48,"covered":26,"skipped":0,"pct":54.16},"functions":{"total":6,"covered":2,"skipped":0,"pct":33.33},"statements":{"total":48,"covered":26,"skipped":0,"pct":54.16},"branches":{"total":2,"covered":2,"skipped":0,"pct":100}}
,"/workspace/vscode-cql/src/log-services/multi-transport-logger.ts": {"lines":{"total":115,"covered":91,"skipped":0,"pct":79.13},"functions":{"total":15,"covered":4,"skipped":0,"pct":26.66},"statements":{"total":115,"covered":91,"skipped":0,"pct":79.13},"branches":{"total":6,"covered":6,"skipped":0,"pct":100}}
,"/workspace/vscode-cql/src/model/testCase.ts": {"lines":{"total":86,"covered":27,"skipped":0,"pct":31.39},"functions":{"total":2,"covered":0,"skipped":0,"pct":0},"statements":{"total":86,"covered":27,"skipped":0,"pct":31.39},"branches":{"total":0,"covered":0,"skipped":0,"pct":100}}
,"/workspace/vscode-cql/src/utils/file-utils.ts": {"lines":{"total":52,"covered":12,"skipped":0,"pct":23.07},"functions":{"total":5,"covered":1,"skipped":0,"pct":20},"statements":{"total":52,"covered":12,"skipped":0,"pct":23.07},"branches":{"total":1,"covered":1,"skipped":0,"pct":100}}
}
